<!DOCTYPE HTML PUBLIC "-//W3C//DTD HTML 4.0 Transitional//EN">

<html>
<head>
	<meta http-equiv="Content-Type" content="text/html; charset=iso-8859-1">
	<link rel="stylesheet" type="text/css" href="../stylesheet.css">
	<title>Usage</title>
</head>

<body>
<h1>Upgrading From RPGUnit v1.10</h1>
All your existing unit test suites should compile and run fine with iRPGUnit 2.0. However: 
<p>
<table>
<tr>
<td class="notice"><b>Test your existing test suites carefully in a sandbox
                   environment, before upgrading to iRPGUnit 2.0.0.</b></td>
</tr>
</table>
<p>
Unit test, that uses the following assertions run and compile fine with all
versions of RPGUnit:
<ul>
<li>assert()</li>
<li>aEqual()</li>
<li>iEqual()</li>
<li>fail()</li>
</ul>
<p>
The following test cases (compiled with v1.10) do not successfully run with iRPGUnit: 
<ul>
<li>Test cases <i>TESTASSERTWITHFAILURE</i> of test suite ASSERTT.</li>
<li>Test cases <i>TESTASSERTWITHSUCCESS</i> of test suite ASSERTT.</li>
<li>Test cases <i>TESTBIGINTEGEREQUALITY</i> of test suite ASSERTT.</li>
<li>Test cases <i>TESTGOODBYEISNOTHELLO</i> of test suite ASSERTT.</li>
<li>Test cases <i>TESTHELLOEQUALSHELLO</i> of test suite ASSERTT.</li>
<li>Test cases <i>TESTTWOANDTWOEQUALSFOUR</i> of test suite ASSERTT.</li>
<li>Test cases <i>TESTTWOANDTWOISNOTEQUALTOFIVE</i> of test suite ASSERTT.</li>
<p>
<li>Test cases <i>TESTBIGINTEGER</i> of test suite RUACPTST.</li>
<li>Test cases <i>TESTCHOOSETEST</i> of test suite RUACPTST.</li>
<li>Test cases <i>TESTFAILURES</i> of test suite RUACPTST.</li>
<li>Test cases <i>TESTSTACKTRACE</i> of test suite RUACPTST.</li>
<p>
<li>Test cases <i>TEST_LOADTESTSUITE</i> of test suite RUNT.</li>
<li>Test cases <i>TEST_RUNTESTPROC_ERRORINSETUP</i> of test suite RUNT.</li>
<li>Test cases <i>TEST_RUNTESTPROC_ERRORINTEARDOWN</i> of test suite RUNT.</li>
<li>Test cases <i>TEST_RUNTESTPROC_ERRORINTEST</i> of test suite RUNT.</li>
<li>Test cases <i>TEST_RUNTESTPROC_FAILUREINTEST</i> of test suite RUNT.</li>
<li>Test cases <i>TEST_RUNTESTPROC_TEARDOWNAFTERERRORINSETUP</i> of test suite RUNT.</li>
</ul>
The following test suites do not compile with iRPGUnit: 
<ul>
<li>Test suite <i>CMDRUNT</i>: Prototype <i>logCompMsg()</i> of module <i>CMDRUNLOG</i> has been changed.</li>
<li>Test suite <i>EXTTSTT</i>: Parameter <i>mockSrvPgm</i> of procedure getTestSuite() has been removed.</li>
<li>Test suite <i>RUCRTTSTT</i>: /COPY member <i>RUCRTTST</i> has been renamed to <i>CRTTST</i> and number of parameters of getCrtRpgModCmd() and getCrtSrvPgmCmd() have changed.</li>
<li>Test suite <i>RUNT</i>: /COPY member <i>RUCRTTST</i> has been renamed to <i>CMDRUNSRV</i>.</li>
</ul>
<p>
</body>
</html>