# iSphere Base
# English Translation
Obsolete_Bundles_Warning_Message_Message=There are installed outdated RPGUnit plug-ins yet, which might cause problems. Please remove the following plug-ins:\n
Obsolete_Bundles_Warning_Message_Text=Notice
AbstractRemoteAction_0=The following objects are not a RPGUnit test suite or test case:
Transfer_RPGUnit_Library=Transfer RPGUnit library
ActionLabel_Copy=Copy
DialogTitle_Sign_On=Sign On
Invalid_host_version=Version {0} of the RPGUnit test result is not supported by this version of the plug-in. Please update your plug-in to the most recent version.
Can_not_execute_unit_test_due_to_missing_unit_test_runner=Can not execute unit test {0}/{1} due to missing unit test runner:\n\n\t{2}\n\nPlease ensure that library {3} is in the library list.
The_object_A_does_not_contain_any_test_cases=The object {0} does not contain any test cases.
The_unit_test_A_has_not_finished_successful_B=The unit test {0} has not finished successful:\n\n{1}
Number_of_selected_test_cases_exceeds_maximum_of_A_items=Number of selected test cases exceeds maximum of {0} items.
Description_of_service_program_is_missing=Description is missing. Failed validating the service program.
Description_of_service_program_does_not_start_with_A=Description does not start with ''{0}''. Failed validating the service program.
User_defined_attribute_of_service_program_is_not_set_to_A=User defined attribute not set to ''{0}''. Failed validating the service program.
Procedure_name_does_not_start_with_A=Procedure name does not start with ''{0}''. Failed validating test procedure.
Module_is_not_a_QSYSRemoteProgramModule=Modul is not a QSYSRemoteProgramModule. Failed validating test procedure.
Object_is_not_a_IQSYSServiceProgram=Object is not a IQSYSServiceProgram. Failed validating test procedure.
Run_Unit_Test=Run Unit Test
EditableSourceMember_0=Could not open source member: {0}\nMember does not exist.
EditableSourceMember_1=Could not open source member: {0}.\n{1}
Statement_number=Statement number
Error_message=Error message
Result=Result
Execution_time=Execution time
Program=Program
Module=Module
Procedure=Procedure
Source_file=Source file
Source_library=Source_library
Source_member=Source member
Test_suite=Test suite
Assertions=Assertions
Errors=Errors
Failures=Failures
Runs=Runs
SUCCESS=SUCCESS
FAILED=FAILED
ERROR=ERROR
No_spooled_file_viewer_installed=Kein Betrachter für Druckausgaben installiert.\n\nBitte installieren Sie entweder das 'RPGUnit iSphere Integration' oder das 'RPGUnit Spooled File Viewer' Feature.
Could_not_open_the_iSphere_spooled_file_viewer=Could not open the iSphere spooled file viewer:\n\n{0}
Could_not_open_the_RPGUnit_spooled_file_viewer=Could not open the RPGUNIT spooled file viewer:\n\n{0}
Error_Message=Error message
Object_name=Object name
Please_select_a_connection=Please select a connection.
Please_specify_a_valid_FTP_port_number=Please specify a valid FTP port number.
Please_enter_a_valid_library_name=Please enter a valid library name. Special values are not allowed.
Ready_to_transfer_library_A_to_host_B_using_port_C=Ready to transfer library {0} to host {1} using port {2}.
#
Enter_a_host_name=Host name is missing. Enter the host name.
Enter_a_user_name=User name is missing. Enter the user name.
Enter_a_password=Password name is missing. Enter the password.
Host_A_not_found_in_configured_RSE_connections=Host {0} not found in configured RSE connections.
#
Label_Host_name_colon=Host:
Tooltip_Host_name=Specifies the host name or TCP/IP address.
Label_Signon_User_colon=User:
Tooltip_Signon_User=Specifies the user profile for signing on at the host.
Label_Password_colon=Password:
Tooltip_Password=Specifies the password for signing on at the host.
#
PreferencesPage2_grpCommandParameters_text=Command Parameters\:
PreferencesPage2_lblRunOrder_text=Run order\:
PreferencesPage2_cboRunOrder_toolTipText=Specifies the order for running the test procedures.\nUseful to check that there is no dependencies between test procedures.

PreferencesPage2_lblLibraryList_text=Library list\:
PreferencesPage2_cboLibraryList_toolTipText=Specifies the library list that is set when executing the unit tests.

PreferencesPage2_lblJobDescription_text=Job description\:
PreferencesPage2_lblJobDescription_toolTipText=Specifies the job description that is used to set the\nlibrary list, when parameter LIBL is set to *JOBD.
PreferencesPage2_lblJobDescription_choice=Name, *DFT

PreferencesPage2_lblJobDescriptionLibrary_text=Job description library\:
PreferencesPage2_lblJobDescriptionLibrary_toolTipText=Specifies the library that contains the job description.
PreferencesPage2_lblJobDescriptionLibrary_choice=Name, *LIBL

PreferencesPage2_lblReportDetail_text=Report detail\:
PreferencesPage2_cboReportDetail_toolTipText=Specifies how detailed the test run report should be.

PreferencesPage2_lblCreateReport_text=Create report\:
PreferencesPage2_cboCreateReport_toolTipText=Specifies whether or not a report is created.

PreferencesPage2_lblReclaimResources_text=Reclaim resources\:
PreferencesPage2_cboReclaimResources_toolTipText=Specifies when to reclaim resources. Resources, such as\nopen files, can be reclaimed after each test case or at\nthe end of the test suite.

# Override Command Parameters:
PreferencesPage2_grpOverrideCommandParameters_text=Override Command Parameters\:
PreferencesPage2_chkDisableReport_text=Disable report
PreferencesPage2_chkDisableReport_toolTipText=Disables the report regardless of the value of the "Create report" parameter.

# Runtime:
PreferencesPage2_grpRuntime_text=Runtime\:
PreferencesPage2_lblProductLibrary_text=Product library\:
PreferencesPage2_txtProductLibrary_toolTipText=Specifies the RPGUnit product library.
PreferencesPage2_lblProductLibrary_choice=Name, *LIBL
PreferencesPage2_lblCheckTestSuite_text=Check test suite service program\:
PreferencesPage2_cboCheckTestSuite_toolTipText=Specifies how to validate that a service program is a RPGUnit test suite.
PreferencesPage2_btnUploadLibrary_toolTipText=Opens a dialog for uploading the RPGUnit library to a host.

# Debug:
PreferencesPage2_grpDebugParameters_text=Debug\:
PreferencesPage2_chkNewConnection_text=Enforce new connection
PreferencesPage2_chkNewConnection_toolTipText=Specifies whether or not to use a new connection when running a unit test.\nRequired when debugging with service entry points.
PreferencesPage2_chkPosToLineOnOpen_text=Position editor to line of assertion (Source must be compiled with option *SRCSTMT)
PreferencesPage2_chkPosToLineOnOpen_toolTipText=Specifies whether or not the LPEX editor positions the source member to the line\nof the assertion when the source member is loaded into the editor from the RPGUnit view.

# Warnings:
PreferencesPage2_grpWarnings_text=Warning messages
PreferencesPage2_chkResetWarnings_text=Reset warning messages
PreferencesPage2_chkResetWarnings_toolTipText=Shows all warning messages again.

# Upload library dialog
Tooltip_Connection_name=Select the connection that you want to use.
Label_FTP_port_number_colon=Port Number:
Tooltip_FTP_port_number=Specifies the FTP port number.
Label_UploadLibrary=Target library:
Tooltip_UploadLibrary=Specifies the name of the target library on the host.
Label_UploadButton=&Install
Tooltip_UploadButton=Opens a sign-on dialog and starts the upload process.
Label_CloseButton=&Close
Tooltip_CloseButton=Cancels the request and closes the dialog.
#
DialogTitle_Delete_Object=Delete Object
Connected_to_host_A=Connected to host {0}.
Could_not_connect_to_host_A=Could not connect to host {0}.
Checking_library_A_for_existence=Checking_library {0} for existence.
Library_A_does_already_exist=Library {0} already exists.
Question_Do_you_want_to_delete_library_A=Do you want to delete library {0}?
Deleting_library_A=Deleting library {0}.
Checking_file_B_in_library_A_for_existence=Checking file {1} in library {0} for existence.
File_B_in_library_A_does_already_exist=File {1} in library {0} already exists.
Creating_save_file_B_in_library_A=Creating save file {1} in library {0}.
Could_not_create_save_file_B_in_library_A=Could not create save file {1} in library {0}.
Sending_save_file_to_host_A=Sending save file to host {0}.
Could_not_send_save_file_to_host_A=Could not send save file to host {0}.
Using_Ftp_port_number=Using FTP port number {0}.
Restoring_library_A=Restoring library {0}.
Could_not_restore_library_A=Could not restore library {0}.
Disconnected_from_host_A=Disconnect from host {0}.
#
Question_Do_you_want_to_delete_object_A_B_type_C=Do you want to delete object {0}/{1} of type {2}?
Deleting_object_A_B_of_type_C=Deleting object {0}/{1} of type {2}.
#
Warning=Warning
Source_line_number_not_found_Did_you_compile_the_source_member_with_OPTION_SRCSTMT=Source line number not found. Did you compile the source member with OPTION(*SRCSTMT)?
User_defined_attribute_not_retrieved_See_APAR_SE55976_for_details=Could not retrieve the defined attribute. Check APAR SE55976 for details.\n\nPlease change the preference setting for validating the test suite service programs.
Do_not_ask_me_again=Do not ask me again.
UIUtils_0=Error
RPGUnit_Userspace_for_Result_of_Unit_Test=RPGUnit - User Space for Result of Unit Test
Can_not_execute_unit_test_A_B_due_to_missing_job_description_C=Can not execute unit test {0}/{1} due to missing job description:\n\n\t{2}
Unit_test_A_B_ended_unexpected_with_error_message=Unit test {0}/{1} ended unexpected with error message:\n\n{2}\n\nPlease ensure, that all required objects are in the library list and check the job log for details: {3}
